<?xml version="1.0" encoding="UTF-8"?>
<testsuite name="tests.SearchCarParametrizedValueSourceTest" tests="2" skipped="0" failures="0" errors="0" timestamp="2024-02-19T12:46:14" hostname="MacBook-Air-Kirill.local" time="24.179">
  <properties/>
  <testcase name="Проверка поиска авто Ford через поисковую строку" classname="tests.SearchCarParametrizedValueSourceTest" time="20.588"/>
  <testcase name="Проверка поиска авто Toyota через поисковую строку" classname="tests.SearchCarParametrizedValueSourceTest" time="3.59"/>
  <system-out><![CDATA[

Test Started!


Test Finished


]]></system-out>
  <system-err><![CDATA[[Test worker] INFO com.codeborne.selenide.impl.WebDriverThreadLocalContainer - No webdriver is bound to current thread: 1 - let's create a new webdriver
[Test worker] INFO com.codeborne.selenide.impl.FileHelper - Creating folder: /Users/kirill/IdeaProjects/HW_10_10/build/downloads/1708346774689_4826_1
[Test worker] INFO com.codeborne.selenide.webdriver.SelenideNettyClientFactory - Changed readTimeout from PT3M to PT1M30S
[Test worker] INFO com.codeborne.selenide.webdriver.SelenideNettyClientFactory - Changed readTimeout from PT3M to PT1M30S
февр. 19, 2024 5:46:20 PM org.openqa.selenium.devtools.CdpVersionFinder findNearestMatch
WARNING: Unable to find an exact match for CDP version 121, so returning the closest version found: 117
[Test worker] INFO com.codeborne.selenide.webdriver.WebDriverFactory - BrowserName=chrome Version=121.0.6167.184 Platform=mac
[Test worker] INFO com.codeborne.selenide.webdriver.WebDriverFactory - Selenide v. 6.19.1
[Test worker] INFO com.codeborne.selenide.webdriver.WebDriverFactory - Selenium WebDriver v. 4.13.0 build revision: ba948ece5b*
[Test worker] INFO com.codeborne.selenide.drivercommands.CreateDriverCommand - Created webdriver in thread 1: ChromeDriver -> ChromeDriver: chrome on mac (32d41088e15754354e2d2e5d921c9f15)
[Test worker] INFO com.codeborne.selenide.drivercommands.DisposablesRegistry - Register WebDriverInstance[config=StaticConfig,webDriver=ChromeDriver: chrome on mac (32d41088e15754354e2d2e5d921c9f15),proxy=null,downloadsFolder=/Users/kirill/IdeaProjects/HW_10_10/build/downloads/1708346774689_4826_1] in 1 [size=1]
[Test worker] INFO com.codeborne.selenide.drivercommands.DisposablesRegistry - Add shutdown hook in 1 [size=1]
[Test worker] INFO com.codeborne.selenide.impl.WebDriverThreadLocalContainer - Browser will stay open due to holdBrowserOpen=true: 1 -> ChromeDriver: chrome on mac (32d41088e15754354e2d2e5d921c9f15)
]]></system-err>
</testsuite>
